Using pre-set license
Built from '2020.3/staging' branch; Version is '2020.3.14f1 (d0d1bb862f9d) revision 13685179'; Using compiler version '192528614'; Build Type 'Release'
OS: 'Windows 10 Home; OS build 19043.1348; Version 2009; 64bit' Language: 'es' Physical Memory: 8107 MB
BatchMode: 1, IsHumanControllingUs: 0, StartBugReporterOnCrash: 0, Is64bit: 1, IsPro: 0

 COMMAND LINE ARGUMENTS:
C:\Program Files\Unity 2020.3.23f1\Editor\2020.3.14f1\Editor\Unity.exe
-adb2
-batchMode
-noUpm
-name
AssetImportWorker0
-projectPath
C:/Users/joela/Documents/UnityTutorial/Rudyadventure/Rudyventure
-logFile
Logs/AssetImportWorker0.log
-srvPort
57396
Successfully changed project path to: C:/Users/joela/Documents/UnityTutorial/Rudyadventure/Rudyventure
C:/Users/joela/Documents/UnityTutorial/Rudyadventure/Rudyventure
Using Asset Import Pipeline V2.
Refreshing native plugins compatible for Editor in 95.38 ms, found 3 plugins.
Preloading 0 native plugins for Editor in 0.00 ms.
Initialize engine version: 2020.3.14f1 (d0d1bb862f9d)
[Subsystems] Discovering subsystems at path C:/Program Files/Unity 2020.3.23f1/Editor/2020.3.14f1/Editor/Data/Resources/UnitySubsystems
[Subsystems] Discovering subsystems at path C:/Users/joela/Documents/UnityTutorial/Rudyadventure/Rudyventure/Assets
GfxDevice: creating device client; threaded=0
Direct3D:
    Version:  Direct3D 11.0 [level 11.1]
    Renderer: Intel(R) HD Graphics 5500 (ID=0x1616)
    Vendor:   
    VRAM:     4053 MB
    Driver:   20.19.15.4703
Initialize mono
Mono path[0] = 'C:/Program Files/Unity 2020.3.23f1/Editor/2020.3.14f1/Editor/Data/Managed'
Mono path[1] = 'C:/Program Files/Unity 2020.3.23f1/Editor/2020.3.14f1/Editor/Data/MonoBleedingEdge/lib/mono/unityjit'
Mono config path = 'C:/Program Files/Unity 2020.3.23f1/Editor/2020.3.14f1/Editor/Data/MonoBleedingEdge/etc'
Using monoOptions --debugger-agent=transport=dt_socket,embedding=1,server=y,suspend=n,address=127.0.0.1:56620
Begin MonoManager ReloadAssembly
Registering precompiled unity dll's ...
Register platform support module: C:/Program Files/Unity 2020.3.23f1/Editor/2020.3.14f1/Editor/Data/PlaybackEngines/WindowsStandaloneSupport/UnityEditor.WindowsStandalone.Extensions.dll
Registered in 0.013575 seconds.
Native extension for WindowsStandalone target not found
Refreshing native plugins compatible for Editor in 120.87 ms, found 3 plugins.
Preloading 0 native plugins for Editor in 0.00 ms.
Mono: successfully reloaded assembly
- Completed reload, in  3.858 seconds
Domain Reload Profiling:
	ReloadAssembly (3859ms)
		BeginReloadAssembly (157ms)
			ExecutionOrderSort (0ms)
			DisableScriptedObjects (0ms)
			BackupInstance (0ms)
			ReleaseScriptingObjects (0ms)
			CreateAndSetChildDomain (2ms)
		EndReloadAssembly (1309ms)
			LoadAssemblies (148ms)
			RebuildTransferFunctionScriptingTraits (0ms)
			SetupTypeCache (416ms)
			ReleaseScriptCaches (0ms)
			RebuildScriptCaches (84ms)
			SetupLoadedEditorAssemblies (604ms)
				LogAssemblyErrors (0ms)
				InitializePlatformSupportModulesInManaged (20ms)
				SetLoadedEditorAssemblies (1ms)
				RefreshPlugins (121ms)
				BeforeProcessingInitializeOnLoad (14ms)
				ProcessInitializeOnLoadAttributes (225ms)
				ProcessInitializeOnLoadMethodAttributes (223ms)
				AfterProcessingInitializeOnLoad (0ms)
				EditorAssembliesLoaded (1ms)
			ExecutionOrderSort2 (0ms)
			AwakeInstancesAfterBackupRestoration (0ms)
Platform modules already initialized, skipping
Registering precompiled user dll's ...
Registered in 0.031016 seconds.
Begin MonoManager ReloadAssembly
Native extension for WindowsStandalone target not found
Refreshing native plugins compatible for Editor in 72.89 ms, found 3 plugins.
Preloading 0 native plugins for Editor in 0.00 ms.
Mono: successfully reloaded assembly
- Completed reload, in  2.480 seconds
Domain Reload Profiling:
	ReloadAssembly (2482ms)
		BeginReloadAssembly (409ms)
			ExecutionOrderSort (0ms)
			DisableScriptedObjects (10ms)
			BackupInstance (0ms)
			ReleaseScriptingObjects (0ms)
			CreateAndSetChildDomain (32ms)
		EndReloadAssembly (1915ms)
			LoadAssemblies (237ms)
			RebuildTransferFunctionScriptingTraits (0ms)
			SetupTypeCache (648ms)
			ReleaseScriptCaches (1ms)
			RebuildScriptCaches (91ms)
			SetupLoadedEditorAssemblies (699ms)
				LogAssemblyErrors (0ms)
				InitializePlatformSupportModulesInManaged (8ms)
				SetLoadedEditorAssemblies (0ms)
				RefreshPlugins (73ms)
				BeforeProcessingInitializeOnLoad (153ms)
				ProcessInitializeOnLoadAttributes (412ms)
				ProcessInitializeOnLoadMethodAttributes (26ms)
				AfterProcessingInitializeOnLoad (26ms)
				EditorAssembliesLoaded (0ms)
			ExecutionOrderSort2 (0ms)
			AwakeInstancesAfterBackupRestoration (12ms)
Platform modules already initialized, skipping
========================================================================
Worker process is ready to serve import requests
Launched and connected shader compiler UnityShaderCompiler.exe after 0.12 seconds
Refreshing native plugins compatible for Editor in 1.14 ms, found 3 plugins.
Preloading 0 native plugins for Editor in 0.00 ms.
Unloading 2084 Unused Serialized files (Serialized files now loaded: 0)
System memory in use before: 92.9 MB.
System memory in use after: 93.0 MB.

Unloading 28 unused Assets to reduce memory usage. Loaded Objects now: 2524.
Total: 3.925400 ms (FindLiveObjects: 0.310100 ms CreateObjectMapping: 0.188100 ms MarkObjects: 3.311700 ms  DeleteObjects: 0.113200 ms)

AssetImportParameters requested are different than current active one (requested -> active):
  custom:framework-win-MediaFoundation: 216162199b28c13a410421893ffa2e32 -> 
  custom:video-decoder-ogg-theora: a1e56fd34408186e4bbccfd4996cb3dc -> 
  custom:container-muxer-webm: aa71ff27fc2769a1b78a27578f13a17b -> 
  custom:container-demuxer-webm: 4f35f7cbe854078d1ac9338744f61a02 -> 
  custom:container-demuxer-ogg: 62fdf1f143b41e24485cea50d1cbac27 -> 
  custom:video-encoder-webm-vp8: eb34c28f22e8b96e1ab97ce403110664 -> 
  custom:video-decoder-webm-vp8: 9c59270c3fd7afecdb556c50c9e8de78 -> 
  custom:audio-decoder-ogg-vorbis: bf7c407c2cedff20999df2af8eb42d56 -> 
  custom:audio-encoder-webm-vorbis: bf7c407c2cedff20999df2af8eb42d56 -> 
========================================================================
Received Import Request.
  path: Assets/Art/rudy.png
  artifactKey: Guid(17f2112b9259bee49be30933faccdf41) Importer(815301076,1909f56bfc062723c751e8b465ee728b)
Start importing Assets/Art/rudy.png using Guid(17f2112b9259bee49be30933faccdf41) Importer(815301076,1909f56bfc062723c751e8b465ee728b)  -> (artifact id: '7b500445983a3bbcd608f20c41beee70') in 0.192720 seconds 
  Import took 0.199761 seconds .

========================================================================
Received Import Request.
  Time since last request: 0.000598 seconds.
  path: Assets/Art/tile.png
  artifactKey: Guid(3e9f34e96dd474a459ad5706a4952aec) Importer(815301076,1909f56bfc062723c751e8b465ee728b)
Start importing Assets/Art/tile.png using Guid(3e9f34e96dd474a459ad5706a4952aec) Importer(815301076,1909f56bfc062723c751e8b465ee728b)  -> (artifact id: 'd2dfe46209c2b6733f47a1e30f234408') in 0.030593 seconds 
  Import took 0.039936 seconds .

========================================================================
Received Import Request.
  Time since last request: 59.104242 seconds.
  path: Assets/Art/GamePalette.prefab
  artifactKey: Guid(9133d1d92e3d9c940abf4777ea920117) Importer(815301076,1909f56bfc062723c751e8b465ee728b)
Start importing Assets/Art/GamePalette.prefab using Guid(9133d1d92e3d9c940abf4777ea920117) Importer(815301076,1909f56bfc062723c751e8b465ee728b)  -> (artifact id: '72877aa2ca3514d2505b39bcf9a9389f') in 0.100178 seconds 
  Import took 0.110647 seconds .

========================================================================
Received Import Request.
  Time since last request: 171.612916 seconds.
  path: Assets/Art/tile.png
  artifactKey: Guid(3e9f34e96dd474a459ad5706a4952aec) Importer(815301076,1909f56bfc062723c751e8b465ee728b)
Start importing Assets/Art/tile.png using Guid(3e9f34e96dd474a459ad5706a4952aec) Importer(815301076,1909f56bfc062723c751e8b465ee728b)  -> (artifact id: 'ae6ec025c612653091e282e19db55a49') in 0.059266 seconds 
  Import took 0.073825 seconds .

========================================================================
Received Import Request.
  Time since last request: 23.081518 seconds.
  path: Assets/Art/GamePalette.prefab
  artifactKey: Guid(9133d1d92e3d9c940abf4777ea920117) Importer(815301076,1909f56bfc062723c751e8b465ee728b)
Start importing Assets/Art/GamePalette.prefab using Guid(9133d1d92e3d9c940abf4777ea920117) Importer(815301076,1909f56bfc062723c751e8b465ee728b)  -> (artifact id: '5cc62d87fbcfc661019ab39762cc9378') in 0.039824 seconds 
  Import took 0.049463 seconds .

========================================================================
Received Import Request.
  Time since last request: 0.000460 seconds.
  path: Assets/Art/tile.asset
  artifactKey: Guid(10acc9fd2a5e7d14a845a75cda6e698a) Importer(815301076,1909f56bfc062723c751e8b465ee728b)
Start importing Assets/Art/tile.asset using Guid(10acc9fd2a5e7d14a845a75cda6e698a) Importer(815301076,1909f56bfc062723c751e8b465ee728b)  -> (artifact id: '59a92713f3afd102bd62c190995906d5') in 0.061008 seconds 
  Import took 0.071731 seconds .

========================================================================
Received Import Request.
  Time since last request: 71.607217 seconds.
  path: Assets/Art/GamePalette.prefab
  artifactKey: Guid(9133d1d92e3d9c940abf4777ea920117) Importer(815301076,1909f56bfc062723c751e8b465ee728b)
Start importing Assets/Art/GamePalette.prefab using Guid(9133d1d92e3d9c940abf4777ea920117) Importer(815301076,1909f56bfc062723c751e8b465ee728b)  -> (artifact id: '375d65aed73b0536ce441c79d735ee8f') in 0.048224 seconds 
  Import took 0.057764 seconds .

========================================================================
Received Import Request.
  Time since last request: 310.083523 seconds.
  path: Assets/Art/Tiles
  artifactKey: Guid(15b087b6e0d92e547a9023dfc59070c7) Importer(815301076,1909f56bfc062723c751e8b465ee728b)
Start importing Assets/Art/Tiles using Guid(15b087b6e0d92e547a9023dfc59070c7) Importer(815301076,1909f56bfc062723c751e8b465ee728b)  -> (artifact id: 'b93377f9f3fb4a4469a2905c094f36eb') in 0.028213 seconds 
  Import took 0.035083 seconds .

========================================================================
Received Import Request.
  Time since last request: 316.134874 seconds.
  path: Assets/Art/Tiles/test.brush
  artifactKey: Guid(27ea6bac976392e4698b7bf5c4feb64b) Importer(815301076,1909f56bfc062723c751e8b465ee728b)
Start importing Assets/Art/Tiles/test.brush using Guid(27ea6bac976392e4698b7bf5c4feb64b) Importer(815301076,1909f56bfc062723c751e8b465ee728b)  -> (artifact id: 'd1045684421fe213a5f525257f339bc9') in 0.087960 seconds 
  Import took 0.097252 seconds .

========================================================================
Received Import Request.
  Time since last request: 66.751139 seconds.
  path: Assets/Art/Tiles/GamePalette.prefab
  artifactKey: Guid(9133d1d92e3d9c940abf4777ea920117) Importer(815301076,1909f56bfc062723c751e8b465ee728b)
Start importing Assets/Art/Tiles/GamePalette.prefab using Guid(9133d1d92e3d9c940abf4777ea920117) Importer(815301076,1909f56bfc062723c751e8b465ee728b)  -> (artifact id: '2f8d0e0acae6325f9ae518c606e0edc1') in 0.042395 seconds 
  Import took 0.051386 seconds .

========================================================================
Received Import Request.
  Time since last request: 0.000644 seconds.
  path: Assets/Art/Tiles/tile.asset
  artifactKey: Guid(e2a288e80b0d11a4faa17acc122bd7c4) Importer(815301076,1909f56bfc062723c751e8b465ee728b)
Start importing Assets/Art/Tiles/tile.asset using Guid(e2a288e80b0d11a4faa17acc122bd7c4) Importer(815301076,1909f56bfc062723c751e8b465ee728b)  -> (artifact id: 'ca69e7ef6eeed23e3017fd5db6c9b160') in 0.038212 seconds 
  Import took 0.045109 seconds .

========================================================================
Received Import Request.
  Time since last request: 40.371454 seconds.
  path: Assets/Art/Tiles/GamePalette.prefab
  artifactKey: Guid(9133d1d92e3d9c940abf4777ea920117) Importer(815301076,1909f56bfc062723c751e8b465ee728b)
Start importing Assets/Art/Tiles/GamePalette.prefab using Guid(9133d1d92e3d9c940abf4777ea920117) Importer(815301076,1909f56bfc062723c751e8b465ee728b)  -> (artifact id: '905af5ec71b879c32be5eb79404a1313') in 0.042076 seconds 
  Import took 0.053549 seconds .

========================================================================
Received Import Request.
  Time since last request: 126.882759 seconds.
  path: Assets/Art/Tiles/GamePallette.prefab
  artifactKey: Guid(5f267bf06be416349ac793f62d62e508) Importer(815301076,1909f56bfc062723c751e8b465ee728b)
Start importing Assets/Art/Tiles/GamePallette.prefab using Guid(5f267bf06be416349ac793f62d62e508) Importer(815301076,1909f56bfc062723c751e8b465ee728b)  -> (artifact id: 'f2f958e2729bd8c98e392e4ee29282b0') in 0.036270 seconds 
  Import took 0.044928 seconds .

========================================================================
Received Import Request.
  Time since last request: 15.654031 seconds.
  path: Assets/Art/Tiles/GamePallette.prefab
  artifactKey: Guid(5f267bf06be416349ac793f62d62e508) Importer(815301076,1909f56bfc062723c751e8b465ee728b)
Start importing Assets/Art/Tiles/GamePallette.prefab using Guid(5f267bf06be416349ac793f62d62e508) Importer(815301076,1909f56bfc062723c751e8b465ee728b)  -> (artifact id: 'c34726840a7fbaa2d80b9e6991ea0fef') in 0.046351 seconds 
  Import took 0.056657 seconds .

========================================================================
Received Import Request.
  Time since last request: 9.998671 seconds.
  path: Assets/Art/Tiles/GamePallette.prefab
  artifactKey: Guid(5f267bf06be416349ac793f62d62e508) Importer(815301076,1909f56bfc062723c751e8b465ee728b)
Start importing Assets/Art/Tiles/GamePallette.prefab using Guid(5f267bf06be416349ac793f62d62e508) Importer(815301076,1909f56bfc062723c751e8b465ee728b)  -> (artifact id: '0875553ffd63830f1782bb735c6e47be') in 0.039681 seconds 
  Import took 0.047870 seconds .

========================================================================
Received Import Request.
  Time since last request: 0.000498 seconds.
  path: Assets/Art/Tiles/tile2.asset
  artifactKey: Guid(2390a3f218df0cf49a884670a6233b02) Importer(815301076,1909f56bfc062723c751e8b465ee728b)
Start importing Assets/Art/Tiles/tile2.asset using Guid(2390a3f218df0cf49a884670a6233b02) Importer(815301076,1909f56bfc062723c751e8b465ee728b)  -> (artifact id: '9afdad0008850277f16425d1091c598f') in 0.027040 seconds 
  Import took 0.035482 seconds .

========================================================================
Received Import Request.
  Time since last request: 9.067033 seconds.
  path: Assets/Art/Tiles/GamePallette.prefab
  artifactKey: Guid(5f267bf06be416349ac793f62d62e508) Importer(815301076,1909f56bfc062723c751e8b465ee728b)
Start importing Assets/Art/Tiles/GamePallette.prefab using Guid(5f267bf06be416349ac793f62d62e508) Importer(815301076,1909f56bfc062723c751e8b465ee728b)  -> (artifact id: '82cab41e7e294524ceee211197bec9f4') in 0.031791 seconds 
  Import took 0.040031 seconds .

========================================================================
Received Import Request.
  Time since last request: 0.000463 seconds.
  path: Assets/Art/Tiles/tile3.asset
  artifactKey: Guid(7ce7d64e8d595b24c8438409f0371466) Importer(815301076,1909f56bfc062723c751e8b465ee728b)
Start importing Assets/Art/Tiles/tile3.asset using Guid(7ce7d64e8d595b24c8438409f0371466) Importer(815301076,1909f56bfc062723c751e8b465ee728b)  -> (artifact id: 'fb845ba4cc061bbe95341a8b969547cb') in 0.026246 seconds 
  Import took 0.034359 seconds .

========================================================================
Received Import Request.
  Time since last request: 10.418232 seconds.
  path: Assets/Art/Tiles/GamePallette.prefab
  artifactKey: Guid(5f267bf06be416349ac793f62d62e508) Importer(815301076,1909f56bfc062723c751e8b465ee728b)
Start importing Assets/Art/Tiles/GamePallette.prefab using Guid(5f267bf06be416349ac793f62d62e508) Importer(815301076,1909f56bfc062723c751e8b465ee728b)  -> (artifact id: '9dd5efb07c9a4356b77402d59c2c4bd2') in 0.045819 seconds 
  Import took 0.053683 seconds .

========================================================================
Received Import Request.
  Time since last request: 0.000412 seconds.
  path: Assets/Art/Tiles/tile4.asset
  artifactKey: Guid(84404ccf6ba35484cbf40d4cfb06df4a) Importer(815301076,1909f56bfc062723c751e8b465ee728b)
Start importing Assets/Art/Tiles/tile4.asset using Guid(84404ccf6ba35484cbf40d4cfb06df4a) Importer(815301076,1909f56bfc062723c751e8b465ee728b)  -> (artifact id: '115d678c3b2f9f07a8c7aeb99041255b') in 0.025033 seconds 
  Import took 0.033077 seconds .

========================================================================
Received Import Request.
  Time since last request: 33.659373 seconds.
  path: Assets/Art/Tiles/GamePallette.prefab
  artifactKey: Guid(5f267bf06be416349ac793f62d62e508) Importer(815301076,1909f56bfc062723c751e8b465ee728b)
Start importing Assets/Art/Tiles/GamePallette.prefab using Guid(5f267bf06be416349ac793f62d62e508) Importer(815301076,1909f56bfc062723c751e8b465ee728b)  -> (artifact id: '7211600505762e979270c82ce125472f') in 0.033973 seconds 
  Import took 0.042306 seconds .

========================================================================
Received Import Request.
  Time since last request: 0.000417 seconds.
  path: Assets/Art/Tiles/tile5.asset
  artifactKey: Guid(62e730be4890afa4d93a10340e12b4f5) Importer(815301076,1909f56bfc062723c751e8b465ee728b)
Start importing Assets/Art/Tiles/tile5.asset using Guid(62e730be4890afa4d93a10340e12b4f5) Importer(815301076,1909f56bfc062723c751e8b465ee728b)  -> (artifact id: 'f08aabff5a79893d6c4b2c6ab9c0bf58') in 0.027401 seconds 
  Import took 0.033689 seconds .

========================================================================
Received Import Request.
  Time since last request: 6.937330 seconds.
  path: Assets/Art/Tiles/GamePallette.prefab
  artifactKey: Guid(5f267bf06be416349ac793f62d62e508) Importer(815301076,1909f56bfc062723c751e8b465ee728b)
Start importing Assets/Art/Tiles/GamePallette.prefab using Guid(5f267bf06be416349ac793f62d62e508) Importer(815301076,1909f56bfc062723c751e8b465ee728b)  -> (artifact id: '8c89b88999fa2ea0e3fe18d91f80f89a') in 0.037198 seconds 
  Import took 0.046305 seconds .

========================================================================
Received Import Request.
  Time since last request: 0.000413 seconds.
  path: Assets/Art/Tiles/tile6.asset
  artifactKey: Guid(08eb3ca79c7f2864caaaf3643bd586e9) Importer(815301076,1909f56bfc062723c751e8b465ee728b)
Start importing Assets/Art/Tiles/tile6.asset using Guid(08eb3ca79c7f2864caaaf3643bd586e9) Importer(815301076,1909f56bfc062723c751e8b465ee728b)  -> (artifact id: 'aa3e03a7211e0ff6a9a7bb6143174ab4') in 0.026928 seconds 
  Import took 0.033061 seconds .

========================================================================
Received Import Request.
  Time since last request: 10.592673 seconds.
  path: Assets/Art/Tiles/GamePallette.prefab
  artifactKey: Guid(5f267bf06be416349ac793f62d62e508) Importer(815301076,1909f56bfc062723c751e8b465ee728b)
Start importing Assets/Art/Tiles/GamePallette.prefab using Guid(5f267bf06be416349ac793f62d62e508) Importer(815301076,1909f56bfc062723c751e8b465ee728b)  -> (artifact id: 'da1b617d50a9ef397224a3012af028a0') in 0.037277 seconds 
  Import took 0.044431 seconds .

========================================================================
Received Import Request.
  Time since last request: 0.000435 seconds.
  path: Assets/Art/Tiles/tile7.asset
  artifactKey: Guid(655f81867dfb6d34ba25ee9f466c68d3) Importer(815301076,1909f56bfc062723c751e8b465ee728b)
Start importing Assets/Art/Tiles/tile7.asset using Guid(655f81867dfb6d34ba25ee9f466c68d3) Importer(815301076,1909f56bfc062723c751e8b465ee728b)  -> (artifact id: 'c65ca2463de59ebe93e12efa08d86cca') in 0.028566 seconds 
  Import took 0.037375 seconds .

========================================================================
Received Import Request.
  Time since last request: 14.268011 seconds.
  path: Assets/Art/Tiles/GamePallette.prefab
  artifactKey: Guid(5f267bf06be416349ac793f62d62e508) Importer(815301076,1909f56bfc062723c751e8b465ee728b)
Start importing Assets/Art/Tiles/GamePallette.prefab using Guid(5f267bf06be416349ac793f62d62e508) Importer(815301076,1909f56bfc062723c751e8b465ee728b)  -> (artifact id: 'd6e477297070bd2a8f11849bb6002f88') in 0.041110 seconds 
  Import took 0.049589 seconds .

========================================================================
Received Import Request.
  Time since last request: 0.000433 seconds.
  path: Assets/Art/Tiles/tile8.asset
  artifactKey: Guid(0f792122bedf0574da8d9c54f6e56078) Importer(815301076,1909f56bfc062723c751e8b465ee728b)
Start importing Assets/Art/Tiles/tile8.asset using Guid(0f792122bedf0574da8d9c54f6e56078) Importer(815301076,1909f56bfc062723c751e8b465ee728b)  -> (artifact id: '16ff7857de79c745565a6cd814549d19') in 0.033439 seconds 
  Import took 0.043366 seconds .

========================================================================
Received Import Request.
  Time since last request: 124.359819 seconds.
  path: Assets/Art/Tiles/tile.png
  artifactKey: Guid(3e9f34e96dd474a459ad5706a4952aec) Importer(815301076,1909f56bfc062723c751e8b465ee728b)
Start importing Assets/Art/Tiles/tile.png using Guid(3e9f34e96dd474a459ad5706a4952aec) Importer(815301076,1909f56bfc062723c751e8b465ee728b)  -> (artifact id: 'd7617c4eecba54ec97b28a1a1717b495') in 0.034913 seconds 
  Import took 0.043730 seconds .

========================================================================
Received Import Request.
  Time since last request: 0.022648 seconds.
  path: Assets/Art/Tiles/tile.png
  artifactKey: Guid(3e9f34e96dd474a459ad5706a4952aec) Importer(815301076,1909f56bfc062723c751e8b465ee728b)
Start importing Assets/Art/Tiles/tile.png using Guid(3e9f34e96dd474a459ad5706a4952aec) Importer(815301076,1909f56bfc062723c751e8b465ee728b)  -> (artifact id: 'd7617c4eecba54ec97b28a1a1717b495') in 0.030179 seconds 
  Import took 0.036908 seconds .

========================================================================
Received Import Request.
  Time since last request: 37.296937 seconds.
  path: Assets/Art/Sprites/Environmnent
  artifactKey: Guid(28623518bdb8e8143808c62674fcffc3) Importer(815301076,1909f56bfc062723c751e8b465ee728b)
Start importing Assets/Art/Sprites/Environmnent using Guid(28623518bdb8e8143808c62674fcffc3) Importer(815301076,1909f56bfc062723c751e8b465ee728b)  -> (artifact id: 'bd6d258a9ef6e588c3d6c49afbe154e2') in 0.020998 seconds 
  Import took 0.027719 seconds .

========================================================================
Received Import Request.
  Time since last request: 0.365307 seconds.
  path: Assets/Art/Sprites/Environmnent/Damageable.png
  artifactKey: Guid(0e15259342e82ee4f813807e5b28c0f3) Importer(815301076,1909f56bfc062723c751e8b465ee728b)
Start importing Assets/Art/Sprites/Environmnent/Damageable.png using Guid(0e15259342e82ee4f813807e5b28c0f3) Importer(815301076,1909f56bfc062723c751e8b465ee728b)  -> (artifact id: 'c1d1df4daa1e7d116b1550cf7b5152fd') in 0.046872 seconds 
  Import took 0.054387 seconds .

========================================================================
Received Import Request.
  Time since last request: 0.000431 seconds.
  path: Assets/Art/Sprites/Environmnent/TreeForeground.png
  artifactKey: Guid(e059f0fb3f4af3e47b60d322bf43a7d6) Importer(815301076,1909f56bfc062723c751e8b465ee728b)
Start importing Assets/Art/Sprites/Environmnent/TreeForeground.png using Guid(e059f0fb3f4af3e47b60d322bf43a7d6) Importer(815301076,1909f56bfc062723c751e8b465ee728b)  -> (artifact id: '72101e5ec88874fdbe0ad8eb8309d8ef') in 0.072334 seconds 
  Import took 0.080243 seconds .

========================================================================
Received Import Request.
  Time since last request: 0.000500 seconds.
  path: Assets/Art/Sprites/Environmnent/DrainCover.png
  artifactKey: Guid(186979b672303144e9af33f5940487e6) Importer(815301076,1909f56bfc062723c751e8b465ee728b)
Start importing Assets/Art/Sprites/Environmnent/DrainCover.png using Guid(186979b672303144e9af33f5940487e6) Importer(815301076,1909f56bfc062723c751e8b465ee728b)  -> (artifact id: '6b9d7d2e29df1759ec244ce3d8e76de7') in 0.056815 seconds 
  Import took 0.065315 seconds .

========================================================================
Received Import Request.
  Time since last request: 0.000564 seconds.
  path: Assets/Art/Sprites/Environmnent/FloorBricksToGrassCorner.png
  artifactKey: Guid(2ff4c9799e22f1b4c95766cc11f47530) Importer(815301076,1909f56bfc062723c751e8b465ee728b)
Start importing Assets/Art/Sprites/Environmnent/FloorBricksToGrassCorner.png using Guid(2ff4c9799e22f1b4c95766cc11f47530) Importer(815301076,1909f56bfc062723c751e8b465ee728b)  -> (artifact id: '04dd77349f178fb3b88a3a9cd0464eca') in 0.061899 seconds 
  Import took 0.076922 seconds .

========================================================================
Received Import Request.
  Time since last request: 0.000449 seconds.
  path: Assets/Art/Sprites/Environmnent/TreeBig2.png
  artifactKey: Guid(36d4547ce489e7041990fd8545a07142) Importer(815301076,1909f56bfc062723c751e8b465ee728b)
Start importing Assets/Art/Sprites/Environmnent/TreeBig2.png using Guid(36d4547ce489e7041990fd8545a07142) Importer(815301076,1909f56bfc062723c751e8b465ee728b)  -> (artifact id: 'de9b9dfd7f43ac6c0a74a908b0c197e3') in 0.055785 seconds 
  Import took 0.064703 seconds .

========================================================================
Received Import Request.
  Time since last request: 0.000689 seconds.
  path: Assets/Art/Sprites/Environmnent/TreeLittle.png
  artifactKey: Guid(87d9eec357f7dc14286677f38287ad9e) Importer(815301076,1909f56bfc062723c751e8b465ee728b)
Start importing Assets/Art/Sprites/Environmnent/TreeLittle.png using Guid(87d9eec357f7dc14286677f38287ad9e) Importer(815301076,1909f56bfc062723c751e8b465ee728b)  -> (artifact id: '05417e7078c89c4193255c490630aafd') in 0.062098 seconds 
  Import took 0.070467 seconds .

========================================================================
Received Import Request.
  Time since last request: 0.000483 seconds.
  path: Assets/Art/Sprites/Environmnent/TelegraphPost.png
  artifactKey: Guid(28b3c26f6746b7943aa1168e3c52c292) Importer(815301076,1909f56bfc062723c751e8b465ee728b)
Start importing Assets/Art/Sprites/Environmnent/TelegraphPost.png using Guid(28b3c26f6746b7943aa1168e3c52c292) Importer(815301076,1909f56bfc062723c751e8b465ee728b)  -> (artifact id: '8720f130f4810af1014c71665d2de57d') in 0.059718 seconds 
  Import took 0.069530 seconds .

========================================================================
Received Import Request.
  Time since last request: 0.001605 seconds.
  path: Assets/Art/Sprites/Environmnent/TreeBig1.png
  artifactKey: Guid(f0cd5ad89953643408db63f9a8c50027) Importer(815301076,1909f56bfc062723c751e8b465ee728b)
Start importing Assets/Art/Sprites/Environmnent/TreeBig1.png using Guid(f0cd5ad89953643408db63f9a8c50027) Importer(815301076,1909f56bfc062723c751e8b465ee728b)  -> (artifact id: 'd586d7d9ca00ec67d2c2ea681ffcf5b2') in 0.059653 seconds 
  Import took 0.069393 seconds .

========================================================================
Received Import Request.
  Time since last request: 0.000596 seconds.
  path: Assets/Art/Sprites/Environmnent/FloorGrassToBricksCorner.png
  artifactKey: Guid(df0b6f9e93b65bc4792e6cf7849c5e37) Importer(815301076,1909f56bfc062723c751e8b465ee728b)
Start importing Assets/Art/Sprites/Environmnent/FloorGrassToBricksCorner.png using Guid(df0b6f9e93b65bc4792e6cf7849c5e37) Importer(815301076,1909f56bfc062723c751e8b465ee728b)  -> (artifact id: '89b803f488ad8938cf0bd71b5f361560') in 0.067147 seconds 
  Import took 0.074483 seconds .

========================================================================
Received Import Request.
  Time since last request: 0.001257 seconds.
  path: Assets/Art/Sprites/Environmnent/FloorWaterRoundCorners.png
  artifactKey: Guid(957383e82ad8601499ca4cac1dd1214a) Importer(815301076,1909f56bfc062723c751e8b465ee728b)
Start importing Assets/Art/Sprites/Environmnent/FloorWaterRoundCorners.png using Guid(957383e82ad8601499ca4cac1dd1214a) Importer(815301076,1909f56bfc062723c751e8b465ee728b)  -> (artifact id: '22e250ae8d77806e17e6fdc6d4db500d') in 0.063612 seconds 
  Import took 0.073794 seconds .

========================================================================
Received Import Request.
  Time since last request: 0.000491 seconds.
  path: Assets/Art/Sprites/Environmnent/Mushrooms.png
  artifactKey: Guid(6acbda5bb54c19b4eb60c2674048dac2) Importer(815301076,1909f56bfc062723c751e8b465ee728b)
Start importing Assets/Art/Sprites/Environmnent/Mushrooms.png using Guid(6acbda5bb54c19b4eb60c2674048dac2) Importer(815301076,1909f56bfc062723c751e8b465ee728b)  -> (artifact id: 'df0f3b138143ae41da41ca0597eecb47') in 0.064758 seconds 
  Import took 0.073990 seconds .

========================================================================
Received Import Request.
  Time since last request: 0.000655 seconds.
  path: Assets/Art/Sprites/Environmnent/TreeShadow.png
  artifactKey: Guid(8640aa53d8475c5409471adcb65826a5) Importer(815301076,1909f56bfc062723c751e8b465ee728b)
Start importing Assets/Art/Sprites/Environmnent/TreeShadow.png using Guid(8640aa53d8475c5409471adcb65826a5) Importer(815301076,1909f56bfc062723c751e8b465ee728b)  -> (artifact id: '58a6c90b296a5f62ead5244fa8ca3d37') in 0.063592 seconds 
  Import took 0.073586 seconds .

========================================================================
Received Import Request.
  Time since last request: 0.000501 seconds.
  path: Assets/Art/Sprites/Environmnent/House.png
  artifactKey: Guid(f27ebbf5c345352429b99a3dec7ae33e) Importer(815301076,1909f56bfc062723c751e8b465ee728b)
Start importing Assets/Art/Sprites/Environmnent/House.png using Guid(f27ebbf5c345352429b99a3dec7ae33e) Importer(815301076,1909f56bfc062723c751e8b465ee728b)  -> (artifact id: '99108ed2f6b70f2ce958408d0b6b0501') in 0.080532 seconds 
  Import took 0.087896 seconds .

========================================================================
Received Import Request.
  Time since last request: 0.000373 seconds.
  path: Assets/Art/Sprites/Environmnent/FloorGrassToBricksSquare.png
  artifactKey: Guid(ae39c96545143eb41b1618200a550c81) Importer(815301076,1909f56bfc062723c751e8b465ee728b)
Start importing Assets/Art/Sprites/Environmnent/FloorGrassToBricksSquare.png using Guid(ae39c96545143eb41b1618200a550c81) Importer(815301076,1909f56bfc062723c751e8b465ee728b)  -> (artifact id: '6e33512db00fbf28b852e411d385f560') in 0.055441 seconds 
  Import took 0.062286 seconds .

========================================================================
Received Import Request.
  Time since last request: 0.000458 seconds.
  path: Assets/Art/Sprites/Environmnent/LotusFlower.png
  artifactKey: Guid(010b5c856073f70428956b10534fd3a6) Importer(815301076,1909f56bfc062723c751e8b465ee728b)
Start importing Assets/Art/Sprites/Environmnent/LotusFlower.png using Guid(010b5c856073f70428956b10534fd3a6) Importer(815301076,1909f56bfc062723c751e8b465ee728b)  -> (artifact id: '1dcd3c8082ae802b86077afebdcf8ce5') in 0.076074 seconds 
  Import took 0.085988 seconds .

========================================================================
Received Import Request.
  Time since last request: 0.000427 seconds.
  path: Assets/Art/Sprites/Environmnent/FloorBricksToGrassSquare.png
  artifactKey: Guid(2e6ecdf01ba70e3489b17b3f6525fec2) Importer(815301076,1909f56bfc062723c751e8b465ee728b)
Start importing Assets/Art/Sprites/Environmnent/FloorBricksToGrassSquare.png using Guid(2e6ecdf01ba70e3489b17b3f6525fec2) Importer(815301076,1909f56bfc062723c751e8b465ee728b)  -> (artifact id: '840602568adcc45b34a33f4daa9b8e88') in 0.069776 seconds 
  Import took 0.077274 seconds .

========================================================================
Received Import Request.
  Time since last request: 0.000598 seconds.
  path: Assets/Art/Sprites/Environmnent/FloorWaterSquareCorners.png
  artifactKey: Guid(56dfe645f43c419458abb426118088e5) Importer(815301076,1909f56bfc062723c751e8b465ee728b)
Start importing Assets/Art/Sprites/Environmnent/FloorWaterSquareCorners.png using Guid(56dfe645f43c419458abb426118088e5) Importer(815301076,1909f56bfc062723c751e8b465ee728b)  -> (artifact id: '4703680622ab351e26f5a0c14ec1dcc2') in 0.066262 seconds 
  Import took 0.074731 seconds .

========================================================================
Received Import Request.
  Time since last request: 0.000450 seconds.
  path: Assets/Art/Sprites/Environmnent/FloorBricksToGrassSquare.png
  artifactKey: Guid(2e6ecdf01ba70e3489b17b3f6525fec2) Importer(815301076,1909f56bfc062723c751e8b465ee728b)
Start importing Assets/Art/Sprites/Environmnent/FloorBricksToGrassSquare.png using Guid(2e6ecdf01ba70e3489b17b3f6525fec2) Importer(815301076,1909f56bfc062723c751e8b465ee728b)  -> (artifact id: '840602568adcc45b34a33f4daa9b8e88') in 0.049409 seconds 
  Import took 0.058320 seconds .

========================================================================
Received Import Request.
  Time since last request: 0.000443 seconds.
  path: Assets/Art/Sprites/Environmnent/FloorWaterSquareCorners.png
  artifactKey: Guid(56dfe645f43c419458abb426118088e5) Importer(815301076,1909f56bfc062723c751e8b465ee728b)
Start importing Assets/Art/Sprites/Environmnent/FloorWaterSquareCorners.png using Guid(56dfe645f43c419458abb426118088e5) Importer(815301076,1909f56bfc062723c751e8b465ee728b)  -> (artifact id: '4703680622ab351e26f5a0c14ec1dcc2') in 0.065347 seconds 
  Import took 0.077823 seconds .

========================================================================
Received Import Request.
  Time since last request: 0.000199 seconds.
  path: Assets/Art/Sprites/Environmnent/MetalCube.png
  artifactKey: Guid(b9244d299d06eea4fa3e8b8b6da46af5) Importer(815301076,1909f56bfc062723c751e8b465ee728b)
Start importing Assets/Art/Sprites/Environmnent/MetalCube.png using Guid(b9244d299d06eea4fa3e8b8b6da46af5) Importer(815301076,1909f56bfc062723c751e8b465ee728b)  -> (artifact id: '4b70ec87978fb9cf3b5a14f77fe74ca3') in 0.068756 seconds 
  Import took 0.081598 seconds .

========================================================================
Received Import Request.
  Time since last request: 0.001524 seconds.
  path: Assets/Art/Sprites/Environmnent/GrassSmall.png
  artifactKey: Guid(8f629954bb45aa74a8bf21f8e6b95975) Importer(815301076,1909f56bfc062723c751e8b465ee728b)
Start importing Assets/Art/Sprites/Environmnent/GrassSmall.png using Guid(8f629954bb45aa74a8bf21f8e6b95975) Importer(815301076,1909f56bfc062723c751e8b465ee728b)  -> (artifact id: '8d59cf4f75db31f3b73972ecccff3725') in 0.062231 seconds 
  Import took 0.069287 seconds .

========================================================================
Received Import Request.
  Time since last request: 0.000554 seconds.
  path: Assets/Art/Sprites/Environmnent/TreeBig3.png
  artifactKey: Guid(1d50d21b43458424aa7759b50224c034) Importer(815301076,1909f56bfc062723c751e8b465ee728b)
Start importing Assets/Art/Sprites/Environmnent/TreeBig3.png using Guid(1d50d21b43458424aa7759b50224c034) Importer(815301076,1909f56bfc062723c751e8b465ee728b)  -> (artifact id: 'c74d776f4fb11abf2abc157d63feb627') in 0.062783 seconds 
  Import took 0.070604 seconds .

========================================================================
Received Import Request.
  Time since last request: 59.849950 seconds.
  path: Assets/Art/Sprites/Environmnent/FloorBricksToGrassCorner.png
  artifactKey: Guid(2ff4c9799e22f1b4c95766cc11f47530) Importer(815301076,1909f56bfc062723c751e8b465ee728b)
Start importing Assets/Art/Sprites/Environmnent/FloorBricksToGrassCorner.png using Guid(2ff4c9799e22f1b4c95766cc11f47530) Importer(815301076,1909f56bfc062723c751e8b465ee728b)  -> (artifact id: 'd1de9a1ea63133b866ed0b8e36a82689') in 0.034706 seconds 
  Import took 0.043970 seconds .

========================================================================
Received Import Request.
  Time since last request: 0.024307 seconds.
  path: Assets/Art/Sprites/Environmnent/FloorBricksToGrassCorner.png
  artifactKey: Guid(2ff4c9799e22f1b4c95766cc11f47530) Importer(815301076,1909f56bfc062723c751e8b465ee728b)
Start importing Assets/Art/Sprites/Environmnent/FloorBricksToGrassCorner.png using Guid(2ff4c9799e22f1b4c95766cc11f47530) Importer(815301076,1909f56bfc062723c751e8b465ee728b)  -> (artifact id: 'd1de9a1ea63133b866ed0b8e36a82689') in 0.029455 seconds 
  Import took 0.038342 seconds .

========================================================================
Received Import Request.
  Time since last request: 181.870972 seconds.
  path: Assets/Art/Sprites/Environmnent/FloorBricksToGrassCorner.png
  artifactKey: Guid(2ff4c9799e22f1b4c95766cc11f47530) Importer(815301076,1909f56bfc062723c751e8b465ee728b)
Start importing Assets/Art/Sprites/Environmnent/FloorBricksToGrassCorner.png using Guid(2ff4c9799e22f1b4c95766cc11f47530) Importer(815301076,1909f56bfc062723c751e8b465ee728b)  -> (artifact id: '1c33110c17bda9c2c15e55a227689915') in 0.070213 seconds 
  Import took 0.079589 seconds .

========================================================================
Received Import Request.
  Time since last request: 140.274903 seconds.
  path: Assets/Art/Sprites/Environmnent/FloorBricksToGrassSquare.png
  artifactKey: Guid(2e6ecdf01ba70e3489b17b3f6525fec2) Importer(815301076,1909f56bfc062723c751e8b465ee728b)
Start importing Assets/Art/Sprites/Environmnent/FloorBricksToGrassSquare.png using Guid(2e6ecdf01ba70e3489b17b3f6525fec2) Importer(815301076,1909f56bfc062723c751e8b465ee728b)  -> (artifact id: 'd402a007d0069824b54a60af247832d2') in 0.049666 seconds 
  Import took 0.064643 seconds .

========================================================================
Received Import Request.
  Time since last request: 0.006621 seconds.
  path: Assets/Art/Sprites/Environmnent/FloorBricksToGrassSquare.png
  artifactKey: Guid(2e6ecdf01ba70e3489b17b3f6525fec2) Importer(815301076,1909f56bfc062723c751e8b465ee728b)
Start importing Assets/Art/Sprites/Environmnent/FloorBricksToGrassSquare.png using Guid(2e6ecdf01ba70e3489b17b3f6525fec2) Importer(815301076,1909f56bfc062723c751e8b465ee728b)  -> (artifact id: 'd402a007d0069824b54a60af247832d2') in 0.029224 seconds 
  Import took 0.038088 seconds .

========================================================================
Received Import Request.
  Time since last request: 18.273899 seconds.
  path: Assets/Art/Sprites/Environmnent/FloorBricksToGrassSquare.png
  artifactKey: Guid(2e6ecdf01ba70e3489b17b3f6525fec2) Importer(815301076,1909f56bfc062723c751e8b465ee728b)
Start importing Assets/Art/Sprites/Environmnent/FloorBricksToGrassSquare.png using Guid(2e6ecdf01ba70e3489b17b3f6525fec2) Importer(815301076,1909f56bfc062723c751e8b465ee728b)  -> (artifact id: '14f8eba97e1ad7607ee7ae0931e7d547') in 0.093219 seconds 
  Import took 0.101292 seconds .

========================================================================
Received Import Request.
  Time since last request: 32.728813 seconds.
  path: Assets/Art/Sprites/Environmnent/FloorGrassToBricksCorner.png
  artifactKey: Guid(df0b6f9e93b65bc4792e6cf7849c5e37) Importer(815301076,1909f56bfc062723c751e8b465ee728b)
Start importing Assets/Art/Sprites/Environmnent/FloorGrassToBricksCorner.png using Guid(df0b6f9e93b65bc4792e6cf7849c5e37) Importer(815301076,1909f56bfc062723c751e8b465ee728b)  -> (artifact id: 'cdf06f7195cd713fc320598cc82625a3') in 0.039157 seconds 
  Import took 0.052327 seconds .

========================================================================
Received Import Request.
  Time since last request: 0.014190 seconds.
  path: Assets/Art/Sprites/Environmnent/FloorGrassToBricksCorner.png
  artifactKey: Guid(df0b6f9e93b65bc4792e6cf7849c5e37) Importer(815301076,1909f56bfc062723c751e8b465ee728b)
Start importing Assets/Art/Sprites/Environmnent/FloorGrassToBricksCorner.png using Guid(df0b6f9e93b65bc4792e6cf7849c5e37) Importer(815301076,1909f56bfc062723c751e8b465ee728b)  -> (artifact id: 'cdf06f7195cd713fc320598cc82625a3') in 0.028069 seconds 
  Import took 0.036219 seconds .

========================================================================
Received Import Request.
  Time since last request: 11.477852 seconds.
  path: Assets/Art/Sprites/Environmnent/FloorGrassToBricksCorner.png
  artifactKey: Guid(df0b6f9e93b65bc4792e6cf7849c5e37) Importer(815301076,1909f56bfc062723c751e8b465ee728b)
Start importing Assets/Art/Sprites/Environmnent/FloorGrassToBricksCorner.png using Guid(df0b6f9e93b65bc4792e6cf7849c5e37) Importer(815301076,1909f56bfc062723c751e8b465ee728b)  -> (artifact id: '990d6376c303259a87aeab503397de05') in 0.112853 seconds 
  Import took 0.124131 seconds .

========================================================================
Received Import Request.
  Time since last request: 31.282723 seconds.
  path: Assets/Art/Sprites/Environmnent/FloorGrassToBricksSquare.png
  artifactKey: Guid(ae39c96545143eb41b1618200a550c81) Importer(815301076,1909f56bfc062723c751e8b465ee728b)
Start importing Assets/Art/Sprites/Environmnent/FloorGrassToBricksSquare.png using Guid(ae39c96545143eb41b1618200a550c81) Importer(815301076,1909f56bfc062723c751e8b465ee728b)  -> (artifact id: '0f8a3ee549b3d26e074a75ceae4c7c9b') in 0.035518 seconds 
  Import took 0.050881 seconds .

========================================================================
Received Import Request.
  Time since last request: 0.012774 seconds.
  path: Assets/Art/Sprites/Environmnent/FloorGrassToBricksSquare.png
  artifactKey: Guid(ae39c96545143eb41b1618200a550c81) Importer(815301076,1909f56bfc062723c751e8b465ee728b)
Start importing Assets/Art/Sprites/Environmnent/FloorGrassToBricksSquare.png using Guid(ae39c96545143eb41b1618200a550c81) Importer(815301076,1909f56bfc062723c751e8b465ee728b)  -> (artifact id: '0f8a3ee549b3d26e074a75ceae4c7c9b') in 0.026143 seconds 
  Import took 0.034955 seconds .

========================================================================
Received Import Request.
  Time since last request: 9.752786 seconds.
  path: Assets/Art/Sprites/Environmnent/FloorGrassToBricksSquare.png
  artifactKey: Guid(ae39c96545143eb41b1618200a550c81) Importer(815301076,1909f56bfc062723c751e8b465ee728b)
Start importing Assets/Art/Sprites/Environmnent/FloorGrassToBricksSquare.png using Guid(ae39c96545143eb41b1618200a550c81) Importer(815301076,1909f56bfc062723c751e8b465ee728b)  -> (artifact id: '370e365efec5d2d52933cade96d4b42d') in 0.103088 seconds 
  Import took 0.111095 seconds .

========================================================================
Received Import Request.
  Time since last request: 20.083108 seconds.
  path: Assets/Art/Sprites/Environmnent/FloorWaterRoundCorners.png
  artifactKey: Guid(957383e82ad8601499ca4cac1dd1214a) Importer(815301076,1909f56bfc062723c751e8b465ee728b)
Start importing Assets/Art/Sprites/Environmnent/FloorWaterRoundCorners.png using Guid(957383e82ad8601499ca4cac1dd1214a) Importer(815301076,1909f56bfc062723c751e8b465ee728b)  -> (artifact id: '0c1aca2f0db49dc760a7cb111c583ff0') in 0.055236 seconds 
  Import took 0.063373 seconds .

========================================================================
Received Import Request.
  Time since last request: 0.004937 seconds.
  path: Assets/Art/Sprites/Environmnent/FloorWaterRoundCorners.png
  artifactKey: Guid(957383e82ad8601499ca4cac1dd1214a) Importer(815301076,1909f56bfc062723c751e8b465ee728b)
Start importing Assets/Art/Sprites/Environmnent/FloorWaterRoundCorners.png using Guid(957383e82ad8601499ca4cac1dd1214a) Importer(815301076,1909f56bfc062723c751e8b465ee728b)  -> (artifact id: '0c1aca2f0db49dc760a7cb111c583ff0') in 0.039273 seconds 
  Import took 0.046455 seconds .

========================================================================
Received Import Request.
  Time since last request: 8.271558 seconds.
  path: Assets/Art/Sprites/Environmnent/FloorWaterRoundCorners.png
  artifactKey: Guid(957383e82ad8601499ca4cac1dd1214a) Importer(815301076,1909f56bfc062723c751e8b465ee728b)
Start importing Assets/Art/Sprites/Environmnent/FloorWaterRoundCorners.png using Guid(957383e82ad8601499ca4cac1dd1214a) Importer(815301076,1909f56bfc062723c751e8b465ee728b)  -> (artifact id: '0f8d1b41adf26074ba8f44cf10828ac3') in 0.103921 seconds 
  Import took 0.111380 seconds .

========================================================================
Received Import Request.
  Time since last request: 24.409982 seconds.
  path: Assets/Art/Sprites/Environmnent/FloorWaterSquareCorners.png
  artifactKey: Guid(56dfe645f43c419458abb426118088e5) Importer(815301076,1909f56bfc062723c751e8b465ee728b)
Start importing Assets/Art/Sprites/Environmnent/FloorWaterSquareCorners.png using Guid(56dfe645f43c419458abb426118088e5) Importer(815301076,1909f56bfc062723c751e8b465ee728b)  -> (artifact id: 'ba3fe6a7bf1e5018a9c06df2f1dbe2f6') in 0.035574 seconds 
  Import took 0.051968 seconds .

========================================================================
Received Import Request.
  Time since last request: 0.009371 seconds.
  path: Assets/Art/Sprites/Environmnent/FloorWaterSquareCorners.png
  artifactKey: Guid(56dfe645f43c419458abb426118088e5) Importer(815301076,1909f56bfc062723c751e8b465ee728b)
Start importing Assets/Art/Sprites/Environmnent/FloorWaterSquareCorners.png using Guid(56dfe645f43c419458abb426118088e5) Importer(815301076,1909f56bfc062723c751e8b465ee728b)  -> (artifact id: 'ba3fe6a7bf1e5018a9c06df2f1dbe2f6') in 0.028699 seconds 
  Import took 0.039229 seconds .

========================================================================
Received Import Request.
  Time since last request: 4.900510 seconds.
  path: Assets/Art/Sprites/Environmnent/FloorWaterSquareCorners.png
  artifactKey: Guid(56dfe645f43c419458abb426118088e5) Importer(815301076,1909f56bfc062723c751e8b465ee728b)
Start importing Assets/Art/Sprites/Environmnent/FloorWaterSquareCorners.png using Guid(56dfe645f43c419458abb426118088e5) Importer(815301076,1909f56bfc062723c751e8b465ee728b)  -> (artifact id: '56e82b379d1a35d5ea761a38f1e93a2f') in 0.102068 seconds 
  Import took 0.111433 seconds .

========================================================================
Received Import Request.
  Time since last request: 20.975668 seconds.
  path: Assets/Art/Tiles/FloorBricksToGrassCorner_0.asset
  artifactKey: Guid(e70a843406014d647adae80f915e3368) Importer(815301076,1909f56bfc062723c751e8b465ee728b)
Start importing Assets/Art/Tiles/FloorBricksToGrassCorner_0.asset using Guid(e70a843406014d647adae80f915e3368) Importer(815301076,1909f56bfc062723c751e8b465ee728b)  -> (artifact id: '28b1dfc4dda9c09aa4c2e865c0c0bbf4') in 0.036999 seconds 
  Import took 0.045306 seconds .

========================================================================
Received Import Request.
  Time since last request: 0.000445 seconds.
  path: Assets/Art/Tiles/FloorBricksToGrassSquare_5.asset
  artifactKey: Guid(be790901dece08f4c94bb99fe569e09c) Importer(815301076,1909f56bfc062723c751e8b465ee728b)
Start importing Assets/Art/Tiles/FloorBricksToGrassSquare_5.asset using Guid(be790901dece08f4c94bb99fe569e09c) Importer(815301076,1909f56bfc062723c751e8b465ee728b)  -> (artifact id: 'dc47dfc8b860ab37c6c96ee9b04e848a') in 0.033013 seconds 
  Import took 0.047493 seconds .

========================================================================
Received Import Request.
  Time since last request: 0.001389 seconds.
  path: Assets/Art/Tiles/FloorGrassToBricksCorner_0.asset
  artifactKey: Guid(756c472a4541e054d9506f1b8d7b94f5) Importer(815301076,1909f56bfc062723c751e8b465ee728b)
Start importing Assets/Art/Tiles/FloorGrassToBricksCorner_0.asset using Guid(756c472a4541e054d9506f1b8d7b94f5) Importer(815301076,1909f56bfc062723c751e8b465ee728b)  -> (artifact id: 'be3f2641dd5e14f3622911edba558e33') in 0.038901 seconds 
  Import took 0.047060 seconds .

========================================================================
Received Import Request.
  Time since last request: 0.000469 seconds.
  path: Assets/Art/Tiles/FloorBricksToGrassSquare_6.asset
  artifactKey: Guid(d25f5f3002b1e194594a36c1d3c1de62) Importer(815301076,1909f56bfc062723c751e8b465ee728b)
Start importing Assets/Art/Tiles/FloorBricksToGrassSquare_6.asset using Guid(d25f5f3002b1e194594a36c1d3c1de62) Importer(815301076,1909f56bfc062723c751e8b465ee728b)  -> (artifact id: '259a5e250b5dc7936c9d6f92a1651390') in 0.051822 seconds 
  Import took 0.061489 seconds .

========================================================================
Received Import Request.
  Time since last request: 0.000485 seconds.
  path: Assets/Art/Tiles/FloorBricksToGrassCorner_8.asset
  artifactKey: Guid(d0bcc081e1c750143a24c7a6f2551c7d) Importer(815301076,1909f56bfc062723c751e8b465ee728b)
Start importing Assets/Art/Tiles/FloorBricksToGrassCorner_8.asset using Guid(d0bcc081e1c750143a24c7a6f2551c7d) Importer(815301076,1909f56bfc062723c751e8b465ee728b)  -> (artifact id: 'e67b48ef42b9a2d80d3ee68b92062a24') in 0.053050 seconds 
  Import took 0.062600 seconds .

========================================================================
Received Import Request.
  Time since last request: 0.000907 seconds.
  path: Assets/Art/Tiles/FloorBricksToGrassCorner_6.asset
  artifactKey: Guid(cbeff3d3d767be74186860eff06b2b67) Importer(815301076,1909f56bfc062723c751e8b465ee728b)
Start importing Assets/Art/Tiles/FloorBricksToGrassCorner_6.asset using Guid(cbeff3d3d767be74186860eff06b2b67) Importer(815301076,1909f56bfc062723c751e8b465ee728b)  -> (artifact id: '6d526cd2ee26bf10682a594ed5617fd4') in 0.046555 seconds 
  Import took 0.055735 seconds .

========================================================================
Received Import Request.
  Time since last request: 0.001567 seconds.
  path: Assets/Art/Tiles/FloorGrassToBricksCorner_2.asset
  artifactKey: Guid(0edcc0951ca56b747a5a0770192162a9) Importer(815301076,1909f56bfc062723c751e8b465ee728b)
Start importing Assets/Art/Tiles/FloorGrassToBricksCorner_2.asset using Guid(0edcc0951ca56b747a5a0770192162a9) Importer(815301076,1909f56bfc062723c751e8b465ee728b)  -> (artifact id: '91edd6145ca0df3435faa10f4708b49e') in 0.040921 seconds 
  Import took 0.052333 seconds .

========================================================================
Received Import Request.
  Time since last request: 0.000448 seconds.
  path: Assets/Art/Tiles/FloorBricksToGrassSquare_1.asset
  artifactKey: Guid(8c9fd640a57516842b532f4516e6a76f) Importer(815301076,1909f56bfc062723c751e8b465ee728b)
Start importing Assets/Art/Tiles/FloorBricksToGrassSquare_1.asset using Guid(8c9fd640a57516842b532f4516e6a76f) Importer(815301076,1909f56bfc062723c751e8b465ee728b)  -> (artifact id: 'f70c96917c00e48ffee7392445bd1387') in 0.080665 seconds 
  Import took 0.117641 seconds .

========================================================================
Received Import Request.
  Time since last request: 0.000527 seconds.
  path: Assets/Art/Tiles/FloorBricksToGrassSquare_7.asset
  artifactKey: Guid(c034b80a78ae6ef449e057d80103c3a2) Importer(815301076,1909f56bfc062723c751e8b465ee728b)
Start importing Assets/Art/Tiles/FloorBricksToGrassSquare_7.asset using Guid(c034b80a78ae6ef449e057d80103c3a2) Importer(815301076,1909f56bfc062723c751e8b465ee728b)  -> (artifact id: 'b929b323e8399f04a07fda1b6ea5e3b3') in 0.049498 seconds 
  Import took 0.059118 seconds .

========================================================================
Received Import Request.
  Time since last request: 0.000419 seconds.
  path: Assets/Art/Tiles/FloorBricksToGrassCorner_2.asset
  artifactKey: Guid(7a418d4a555dd7647bfd1e5d1dcca137) Importer(815301076,1909f56bfc062723c751e8b465ee728b)
Start importing Assets/Art/Tiles/FloorBricksToGrassCorner_2.asset using Guid(7a418d4a555dd7647bfd1e5d1dcca137) Importer(815301076,1909f56bfc062723c751e8b465ee728b)  -> (artifact id: '039c39e7e9496790e9d6579381792805') in 0.046257 seconds 
  Import took 0.053462 seconds .

========================================================================
Received Import Request.
  Time since last request: 0.000515 seconds.
  path: Assets/Art/Tiles/FloorBricksToGrassSquare_2.asset
  artifactKey: Guid(bc28e4a2d77ae8646a0cff143bfe25ee) Importer(815301076,1909f56bfc062723c751e8b465ee728b)
Start importing Assets/Art/Tiles/FloorBricksToGrassSquare_2.asset using Guid(bc28e4a2d77ae8646a0cff143bfe25ee) Importer(815301076,1909f56bfc062723c751e8b465ee728b)  -> (artifact id: '3c148c02403cd3ef91fcdb2d2f676493') in 0.043092 seconds 
  Import took 0.060273 seconds .

========================================================================
Received Import Request.
  Time since last request: 0.000452 seconds.
  path: Assets/Art/Tiles/FloorBricksToGrassCorner_5.asset
  artifactKey: Guid(a9e0a1f2584390744a9a8edccc4e09b7) Importer(815301076,1909f56bfc062723c751e8b465ee728b)
Start importing Assets/Art/Tiles/FloorBricksToGrassCorner_5.asset using Guid(a9e0a1f2584390744a9a8edccc4e09b7) Importer(815301076,1909f56bfc062723c751e8b465ee728b)  -> (artifact id: 'f6958ed8bac522d26802eb093e3baa68') in 0.051148 seconds 
  Import took 0.062223 seconds .

========================================================================
Received Import Request.
  Time since last request: 0.001302 seconds.
  path: Assets/Art/Tiles/FloorBricksToGrassSquare_4.asset
  artifactKey: Guid(5012a460cb48c8d43947b6a3a36cbf87) Importer(815301076,1909f56bfc062723c751e8b465ee728b)
Start importing Assets/Art/Tiles/FloorBricksToGrassSquare_4.asset using Guid(5012a460cb48c8d43947b6a3a36cbf87) Importer(815301076,1909f56bfc062723c751e8b465ee728b)  -> (artifact id: '28b8e5cc1cc695bc3f90b0d6b9bfacd6') in 0.056711 seconds 
  Import took 0.066355 seconds .

========================================================================
Received Import Request.
  Time since last request: 0.000460 seconds.
  path: Assets/Art/Tiles/FloorBricksToGrassSquare_8.asset
  artifactKey: Guid(cb784757f53b73844a22eae96b0fe70e) Importer(815301076,1909f56bfc062723c751e8b465ee728b)
Start importing Assets/Art/Tiles/FloorBricksToGrassSquare_8.asset using Guid(cb784757f53b73844a22eae96b0fe70e) Importer(815301076,1909f56bfc062723c751e8b465ee728b)  -> (artifact id: 'dda22bd7fb1f6e0dbb4a8a888f05b309') in 0.041239 seconds 
  Import took 0.051148 seconds .

========================================================================
Received Import Request.
  Time since last request: 0.000506 seconds.
  path: Assets/Art/Tiles/FloorGrassToBricksCorner_3.asset
  artifactKey: Guid(48ce3a0af1b1a96409b0eaeca01ab68e) Importer(815301076,1909f56bfc062723c751e8b465ee728b)
Start importing Assets/Art/Tiles/FloorGrassToBricksCorner_3.asset using Guid(48ce3a0af1b1a96409b0eaeca01ab68e) Importer(815301076,1909f56bfc062723c751e8b465ee728b)  -> (artifact id: '6a7203bed7c3161ea4c8ee13adb50296') in 0.067343 seconds 
  Import took 0.077569 seconds .

========================================================================
Received Import Request.
  Time since last request: 0.000527 seconds.
  path: Assets/Art/Tiles/FloorGrassToBricksCorner_5.asset
  artifactKey: Guid(2395bf7f73c44b548927f34a2711a72a) Importer(815301076,1909f56bfc062723c751e8b465ee728b)
Start importing Assets/Art/Tiles/FloorGrassToBricksCorner_5.asset using Guid(2395bf7f73c44b548927f34a2711a72a) Importer(815301076,1909f56bfc062723c751e8b465ee728b)  -> (artifact id: 'a0dfe11dc4b6c2fcd3388743abdd443b') in 0.034837 seconds 
  Import took 0.042695 seconds .

========================================================================
Received Import Request.
  Time since last request: 0.000489 seconds.
  path: Assets/Art/Tiles/FloorGrassToBricksCorner_8.asset
  artifactKey: Guid(317945a4473728c43a0ee0ca437e9a69) Importer(815301076,1909f56bfc062723c751e8b465ee728b)
Start importing Assets/Art/Tiles/FloorGrassToBricksCorner_8.asset using Guid(317945a4473728c43a0ee0ca437e9a69) Importer(815301076,1909f56bfc062723c751e8b465ee728b)  -> (artifact id: 'ab082b1b075eb0fa94773b94900b6248') in 0.048952 seconds 
  Import took 0.060439 seconds .

========================================================================
Received Import Request.
  Time since last request: 0.000651 seconds.
  path: Assets/Art/Tiles/FloorGrassToBricksSquare_3.asset
  artifactKey: Guid(ca3f2f57e67095e49b622e0d8c1e734b) Importer(815301076,1909f56bfc062723c751e8b465ee728b)
Start importing Assets/Art/Tiles/FloorGrassToBricksSquare_3.asset using Guid(ca3f2f57e67095e49b622e0d8c1e734b) Importer(815301076,1909f56bfc062723c751e8b465ee728b)  -> (artifact id: 'efc3dfcae1af5090b7435356320855f4') in 0.042123 seconds 
  Import took 0.055905 seconds .

========================================================================
Received Import Request.
  Time since last request: 0.000454 seconds.
  path: Assets/Art/Tiles/FloorGrassToBricksCorner_7.asset
  artifactKey: Guid(9e4bb01a825c39f4a9fd46be24f2b5ae) Importer(815301076,1909f56bfc062723c751e8b465ee728b)
Start importing Assets/Art/Tiles/FloorGrassToBricksCorner_7.asset using Guid(9e4bb01a825c39f4a9fd46be24f2b5ae) Importer(815301076,1909f56bfc062723c751e8b465ee728b)  -> (artifact id: '7dc1c48e15c7c9990ec4e645d809ffde') in 0.044852 seconds 
  Import took 0.057204 seconds .

========================================================================
Received Import Request.
  Time since last request: 0.000436 seconds.
  path: Assets/Art/Tiles/FloorGrassToBricksSquare_2.asset
  artifactKey: Guid(2ff3990ef8e0c4943ad91d0725f78a39) Importer(815301076,1909f56bfc062723c751e8b465ee728b)
Start importing Assets/Art/Tiles/FloorGrassToBricksSquare_2.asset using Guid(2ff3990ef8e0c4943ad91d0725f78a39) Importer(815301076,1909f56bfc062723c751e8b465ee728b)  -> (artifact id: '6ad188ec766d15abc9316e87c3363763') in 0.036056 seconds 
  Import took 0.043101 seconds .

========================================================================
Received Import Request.
  Time since last request: 0.000641 seconds.
  path: Assets/Art/Tiles/FloorGrassToBricksSquare_1.asset
  artifactKey: Guid(6bc731f4789067e4e9e35650c93906fc) Importer(815301076,1909f56bfc062723c751e8b465ee728b)
Start importing Assets/Art/Tiles/FloorGrassToBricksSquare_1.asset using Guid(6bc731f4789067e4e9e35650c93906fc) Importer(815301076,1909f56bfc062723c751e8b465ee728b)  -> (artifact id: '295402b15f4ab8bb464da42cce861a7b') in 0.042691 seconds 
  Import took 0.053160 seconds .

========================================================================
Received Import Request.
  Time since last request: 0.000483 seconds.
  path: Assets/Art/Tiles/FloorGrassToBricksCorner_4.asset
  artifactKey: Guid(9b58341cb57bbb24cb7ec458205b30cc) Importer(815301076,1909f56bfc062723c751e8b465ee728b)
Start importing Assets/Art/Tiles/FloorGrassToBricksCorner_4.asset using Guid(9b58341cb57bbb24cb7ec458205b30cc) Importer(815301076,1909f56bfc062723c751e8b465ee728b)  -> (artifact id: '05a2c4f8228219b7aa4856771ed0c72b') in 0.039313 seconds 
  Import took 0.048384 seconds .

========================================================================
Received Import Request.
  Time since last request: 0.001187 seconds.
  path: Assets/Art/Tiles/FloorBricksToGrassCorner_7.asset
  artifactKey: Guid(e08e747ec7a7a064cad14f51c7e30063) Importer(815301076,1909f56bfc062723c751e8b465ee728b)
Start importing Assets/Art/Tiles/FloorBricksToGrassCorner_7.asset using Guid(e08e747ec7a7a064cad14f51c7e30063) Importer(815301076,1909f56bfc062723c751e8b465ee728b)  -> (artifact id: '30e25cd21974a36d10fc0572f25326bb') in 0.044470 seconds 
  Import took 0.057194 seconds .

========================================================================
Received Import Request.
  Time since last request: 0.000435 seconds.
  path: Assets/Art/Tiles/FloorBricksToGrassCorner_1.asset
  artifactKey: Guid(b110c8c6fa200034eae99e1e5b1b5e5e) Importer(815301076,1909f56bfc062723c751e8b465ee728b)
Start importing Assets/Art/Tiles/FloorBricksToGrassCorner_1.asset using Guid(b110c8c6fa200034eae99e1e5b1b5e5e) Importer(815301076,1909f56bfc062723c751e8b465ee728b)  -> (artifact id: '3c4869b02b0b2112185c99df4b2597b8') in 0.041004 seconds 
  Import took 0.050830 seconds .

========================================================================
Received Import Request.
  Time since last request: 0.001558 seconds.
  path: Assets/Art/Tiles/FloorGrassToBricksCorner_6.asset
  artifactKey: Guid(d71257df8044dfc40a62100f881ed0ae) Importer(815301076,1909f56bfc062723c751e8b465ee728b)
Start importing Assets/Art/Tiles/FloorGrassToBricksCorner_6.asset using Guid(d71257df8044dfc40a62100f881ed0ae) Importer(815301076,1909f56bfc062723c751e8b465ee728b)  -> (artifact id: 'defc8a63a688374a8332d2fde093f6f1') in 0.040800 seconds 
  Import took 0.053242 seconds .

========================================================================
Received Import Request.
  Time since last request: 0.000456 seconds.
  path: Assets/Art/Tiles/FloorBricksToGrassSquare_3.asset
  artifactKey: Guid(400e15f0b88132b40961b654308e26ec) Importer(815301076,1909f56bfc062723c751e8b465ee728b)
Start importing Assets/Art/Tiles/FloorBricksToGrassSquare_3.asset using Guid(400e15f0b88132b40961b654308e26ec) Importer(815301076,1909f56bfc062723c751e8b465ee728b)  -> (artifact id: '698c6175b00f021cd0fc24178e662b6c') in 0.045981 seconds 
  Import took 0.054378 seconds .

========================================================================
Received Import Request.
  Time since last request: 0.001198 seconds.
  path: Assets/Art/Tiles/FloorBricksToGrassCorner_3.asset
  artifactKey: Guid(99a110582830f9948a2a4c81d1a38049) Importer(815301076,1909f56bfc062723c751e8b465ee728b)
Start importing Assets/Art/Tiles/FloorBricksToGrassCorner_3.asset using Guid(99a110582830f9948a2a4c81d1a38049) Importer(815301076,1909f56bfc062723c751e8b465ee728b)  -> (artifact id: '7a5f45fbae28b46ee8fcffec8fc941de') in 0.045093 seconds 
  Import took 0.053760 seconds .

========================================================================
Received Import Request.
  Time since last request: 0.000470 seconds.
  path: Assets/Art/Tiles/FloorBricksToGrassCorner_4.asset
  artifactKey: Guid(a447751f624f9884f9e7dd034a5419ac) Importer(815301076,1909f56bfc062723c751e8b465ee728b)
Start importing Assets/Art/Tiles/FloorBricksToGrassCorner_4.asset using Guid(a447751f624f9884f9e7dd034a5419ac) Importer(815301076,1909f56bfc062723c751e8b465ee728b)  -> (artifact id: '9764c90844736e995043b25fa8f8652e') in 0.043687 seconds 
  Import took 0.054956 seconds .

========================================================================
Received Import Request.
  Time since last request: 0.000423 seconds.
  path: Assets/Art/Tiles/FloorGrassToBricksCorner_1.asset
  artifactKey: Guid(820ff588a6c6bd145ad3846e9eecb965) Importer(815301076,1909f56bfc062723c751e8b465ee728b)
Start importing Assets/Art/Tiles/FloorGrassToBricksCorner_1.asset using Guid(820ff588a6c6bd145ad3846e9eecb965) Importer(815301076,1909f56bfc062723c751e8b465ee728b)  -> (artifact id: 'cbd9bec8c7e1f6fb8841180d95a729e6') in 0.047092 seconds 
  Import took 0.056774 seconds .

========================================================================
Received Import Request.
  Time since last request: 0.001067 seconds.
  path: Assets/Art/Tiles/FloorGrassToBricksSquare_0.asset
  artifactKey: Guid(35d5154b72646804b81f704a0c24d5d5) Importer(815301076,1909f56bfc062723c751e8b465ee728b)
Start importing Assets/Art/Tiles/FloorGrassToBricksSquare_0.asset using Guid(35d5154b72646804b81f704a0c24d5d5) Importer(815301076,1909f56bfc062723c751e8b465ee728b)  -> (artifact id: '63d5b6aacbeb64cdfa0c83ea55887960') in 0.045841 seconds 
  Import took 0.059555 seconds .

========================================================================
Received Import Request.
  Time since last request: 0.000451 seconds.
  path: Assets/Art/Tiles/FloorBricksToGrassSquare_0.asset
  artifactKey: Guid(bc497afd95784284590c37137815e7bc) Importer(815301076,1909f56bfc062723c751e8b465ee728b)
Start importing Assets/Art/Tiles/FloorBricksToGrassSquare_0.asset using Guid(bc497afd95784284590c37137815e7bc) Importer(815301076,1909f56bfc062723c751e8b465ee728b)  -> (artifact id: '3ca103e020f71a46c5d95bd8a25e22a0') in 0.043203 seconds 
  Import took 0.050967 seconds .

========================================================================
Received Import Request.
  Time since last request: 0.638305 seconds.
  path: Assets/Art/Tiles/FloorGrassToBricksSquare_4.asset
  artifactKey: Guid(c57556b9467e6424382304ef7712a4e9) Importer(815301076,1909f56bfc062723c751e8b465ee728b)
Start importing Assets/Art/Tiles/FloorGrassToBricksSquare_4.asset using Guid(c57556b9467e6424382304ef7712a4e9) Importer(815301076,1909f56bfc062723c751e8b465ee728b)  -> (artifact id: '3f416b8f631f949a57da48694ba6f8cb') in 0.031678 seconds 
  Import took 0.040650 seconds .

========================================================================
Received Import Request.
  Time since last request: 0.000452 seconds.
  path: Assets/Art/Tiles/FloorGrassToBricksSquare_5.asset
  artifactKey: Guid(7fd1b30714b247b4c950b09f8eb53a04) Importer(815301076,1909f56bfc062723c751e8b465ee728b)
Start importing Assets/Art/Tiles/FloorGrassToBricksSquare_5.asset using Guid(7fd1b30714b247b4c950b09f8eb53a04) Importer(815301076,1909f56bfc062723c751e8b465ee728b)  -> (artifact id: 'a737d29e93d6e0b5f7318441040dfcc0') in 0.044673 seconds 
  Import took 0.052545 seconds .

========================================================================
Received Import Request.
  Time since last request: 0.000484 seconds.
  path: Assets/Art/Tiles/FloorGrassToBricksSquare_6.asset
  artifactKey: Guid(682f6e4e152666449882d02dedc6cce3) Importer(815301076,1909f56bfc062723c751e8b465ee728b)
Start importing Assets/Art/Tiles/FloorGrassToBricksSquare_6.asset using Guid(682f6e4e152666449882d02dedc6cce3) Importer(815301076,1909f56bfc062723c751e8b465ee728b)  -> (artifact id: '85ae4e496470314b95051199aa231743') in 0.045062 seconds 
  Import took 0.056431 seconds .

========================================================================
Received Import Request.
  Time since last request: 0.000458 seconds.
  path: Assets/Art/Tiles/FloorGrassToBricksSquare_8.asset
  artifactKey: Guid(382a9b6bf11a3ab459f2d2e0975a6107) Importer(815301076,1909f56bfc062723c751e8b465ee728b)
Start importing Assets/Art/Tiles/FloorGrassToBricksSquare_8.asset using Guid(382a9b6bf11a3ab459f2d2e0975a6107) Importer(815301076,1909f56bfc062723c751e8b465ee728b)  -> (artifact id: 'f2ed3bb48b35fbbf2c2f2cde45c86a9e') in 0.034068 seconds 
  Import took 0.056305 seconds .

========================================================================
Received Import Request.
  Time since last request: 0.000587 seconds.
  path: Assets/Art/Tiles/FloorWaterRoundCorners_0.asset
  artifactKey: Guid(2e06cd8cbf0f9fa47b70f8eb3d123de6) Importer(815301076,1909f56bfc062723c751e8b465ee728b)
Start importing Assets/Art/Tiles/FloorWaterRoundCorners_0.asset using Guid(2e06cd8cbf0f9fa47b70f8eb3d123de6) Importer(815301076,1909f56bfc062723c751e8b465ee728b)  -> (artifact id: '3a9f6105b471373165fc8309ffc54198') in 0.050828 seconds 
  Import took 0.060707 seconds .

========================================================================
Received Import Request.
  Time since last request: 0.000655 seconds.
  path: Assets/Art/Tiles/FloorWaterRoundCorners_3.asset
  artifactKey: Guid(34e0a13114f36644892154a6b4a95af9) Importer(815301076,1909f56bfc062723c751e8b465ee728b)
Start importing Assets/Art/Tiles/FloorWaterRoundCorners_3.asset using Guid(34e0a13114f36644892154a6b4a95af9) Importer(815301076,1909f56bfc062723c751e8b465ee728b)  -> (artifact id: '09e10cf3d374fb33334ed0b311716b6a') in 0.047577 seconds 
  Import took 0.056197 seconds .

========================================================================
Received Import Request.
  Time since last request: 0.000556 seconds.
  path: Assets/Art/Tiles/FloorWaterRoundCorners_1.asset
  artifactKey: Guid(f8819707f344ba5469f9c6cf03d040b6) Importer(815301076,1909f56bfc062723c751e8b465ee728b)
Start importing Assets/Art/Tiles/FloorWaterRoundCorners_1.asset using Guid(f8819707f344ba5469f9c6cf03d040b6) Importer(815301076,1909f56bfc062723c751e8b465ee728b)  -> (artifact id: 'e2226d84e45e3f1a94f653065b44e7ac') in 0.040913 seconds 
  Import took 0.051475 seconds .

========================================================================
Received Import Request.
  Time since last request: 0.000959 seconds.
  path: Assets/Art/Tiles/FloorWaterRoundCorners_2.asset
  artifactKey: Guid(239d033192263cf498d46e6c1823d681) Importer(815301076,1909f56bfc062723c751e8b465ee728b)
Start importing Assets/Art/Tiles/FloorWaterRoundCorners_2.asset using Guid(239d033192263cf498d46e6c1823d681) Importer(815301076,1909f56bfc062723c751e8b465ee728b)  -> (artifact id: 'bc3107fe32c72297961dd9fa50fe2b91') in 0.035143 seconds 
  Import took 0.046706 seconds .

========================================================================
Received Import Request.
  Time since last request: 0.000460 seconds.
  path: Assets/Art/Tiles/FloorGrassToBricksSquare_7.asset
  artifactKey: Guid(b042ac2ca2236fb4681e973fc8cb5907) Importer(815301076,1909f56bfc062723c751e8b465ee728b)
Start importing Assets/Art/Tiles/FloorGrassToBricksSquare_7.asset using Guid(b042ac2ca2236fb4681e973fc8cb5907) Importer(815301076,1909f56bfc062723c751e8b465ee728b)  -> (artifact id: '9559b7db9a65ae2e4c4cb5c6611ba1df') in 0.043904 seconds 
  Import took 0.051844 seconds .

========================================================================
Received Import Request.
  Time since last request: 0.000571 seconds.
  path: Assets/Art/Tiles/FloorWaterRoundCorners_4.asset
  artifactKey: Guid(d2dde49d8d7e4c640b970cef84490e66) Importer(815301076,1909f56bfc062723c751e8b465ee728b)
Start importing Assets/Art/Tiles/FloorWaterRoundCorners_4.asset using Guid(d2dde49d8d7e4c640b970cef84490e66) Importer(815301076,1909f56bfc062723c751e8b465ee728b)  -> (artifact id: '07757071bc1a43a6903e146af826246b') in 0.054475 seconds 
  Import took 0.071324 seconds .

========================================================================
Received Import Request.
  Time since last request: 0.161263 seconds.
  path: Assets/Art/Tiles/FloorWaterRoundCorners_5.asset
  artifactKey: Guid(da7414de13af2e044b84106eb8fc3b40) Importer(815301076,1909f56bfc062723c751e8b465ee728b)
Start importing Assets/Art/Tiles/FloorWaterRoundCorners_5.asset using Guid(da7414de13af2e044b84106eb8fc3b40) Importer(815301076,1909f56bfc062723c751e8b465ee728b)  -> (artifact id: '40948899b284a466a345efa64eac59c0') in 0.040835 seconds 
  Import took 0.055348 seconds .

========================================================================
Received Import Request.
  Time since last request: 0.000518 seconds.
  path: Assets/Art/Tiles/FloorWaterSquareCorners_5.asset
  artifactKey: Guid(2d0ff0975fe16b64288f0ab3f06b6c64) Importer(815301076,1909f56bfc062723c751e8b465ee728b)
Start importing Assets/Art/Tiles/FloorWaterSquareCorners_5.asset using Guid(2d0ff0975fe16b64288f0ab3f06b6c64) Importer(815301076,1909f56bfc062723c751e8b465ee728b)  -> (artifact id: 'c3ff7ab30ca3f1443822fb7498ce1118') in 0.041016 seconds 
  Import took 0.051062 seconds .

========================================================================
Received Import Request.
  Time since last request: 0.000568 seconds.
  path: Assets/Art/Tiles/FloorWaterRoundCorners_6.asset
  artifactKey: Guid(bed6a198d0e32e04db51388801cc1222) Importer(815301076,1909f56bfc062723c751e8b465ee728b)
Start importing Assets/Art/Tiles/FloorWaterRoundCorners_6.asset using Guid(bed6a198d0e32e04db51388801cc1222) Importer(815301076,1909f56bfc062723c751e8b465ee728b)  -> (artifact id: '18d6f2299588715414d18c524d81259e') in 0.043096 seconds 
  Import took 0.051632 seconds .

========================================================================
Received Import Request.
  Time since last request: 0.000451 seconds.
  path: Assets/Art/Tiles/FloorWaterRoundCorners_7.asset
  artifactKey: Guid(577f954e5df2eff4689af8bd10cac1ca) Importer(815301076,1909f56bfc062723c751e8b465ee728b)
Start importing Assets/Art/Tiles/FloorWaterRoundCorners_7.asset using Guid(577f954e5df2eff4689af8bd10cac1ca) Importer(815301076,1909f56bfc062723c751e8b465ee728b)  -> (artifact id: '6b9b2fe493ec8380baece2a3ef968513') in 0.045257 seconds 
  Import took 0.052588 seconds .

========================================================================
Received Import Request.
  Time since last request: 0.000463 seconds.
  path: Assets/Art/Tiles/FloorWaterSquareCorners_1.asset
  artifactKey: Guid(87c73d25d74d91a4899ab4d7b7d740c4) Importer(815301076,1909f56bfc062723c751e8b465ee728b)
Start importing Assets/Art/Tiles/FloorWaterSquareCorners_1.asset using Guid(87c73d25d74d91a4899ab4d7b7d740c4) Importer(815301076,1909f56bfc062723c751e8b465ee728b)  -> (artifact id: '7f476f88e98368570f46a8c1518fb857') in 0.053289 seconds 
  Import took 0.061435 seconds .

========================================================================
Received Import Request.
  Time since last request: 0.000478 seconds.
  path: Assets/Art/Tiles/FloorWaterSquareCorners_0.asset
  artifactKey: Guid(f61087c6bdeb04e44ba9e19d37e0b445) Importer(815301076,1909f56bfc062723c751e8b465ee728b)
Start importing Assets/Art/Tiles/FloorWaterSquareCorners_0.asset using Guid(f61087c6bdeb04e44ba9e19d37e0b445) Importer(815301076,1909f56bfc062723c751e8b465ee728b)  -> (artifact id: '630f7e439277a5ab4d9b54695fffa01c') in 0.042298 seconds 
  Import took 0.050398 seconds .

========================================================================
Received Import Request.
  Time since last request: 0.000745 seconds.
  path: Assets/Art/Tiles/FloorWaterSquareCorners_2.asset
  artifactKey: Guid(ee28d283aa203874faaeeb27b7b34b99) Importer(815301076,1909f56bfc062723c751e8b465ee728b)
Start importing Assets/Art/Tiles/FloorWaterSquareCorners_2.asset using Guid(ee28d283aa203874faaeeb27b7b34b99) Importer(815301076,1909f56bfc062723c751e8b465ee728b)  -> (artifact id: '7d51aa684dbc1053f6e1aed18dd44f5a') in 0.067502 seconds 
  Import took 0.080792 seconds .

========================================================================
Received Import Request.
  Time since last request: 0.000633 seconds.
  path: Assets/Art/Tiles/FloorWaterSquareCorners_3.asset
  artifactKey: Guid(f09c08b97c320274485978ef846af6e7) Importer(815301076,1909f56bfc062723c751e8b465ee728b)
Start importing Assets/Art/Tiles/FloorWaterSquareCorners_3.asset using Guid(f09c08b97c320274485978ef846af6e7) Importer(815301076,1909f56bfc062723c751e8b465ee728b)  -> (artifact id: 'c1dfc1b1901ac5013a544fdba0496a42') in 0.052592 seconds 
  Import took 0.063078 seconds .

========================================================================
Received Import Request.
  Time since last request: 0.000432 seconds.
  path: Assets/Art/Tiles/FloorWaterRoundCorners_8.asset
  artifactKey: Guid(a4483ff7e0a151a428e4a3e48cd3d135) Importer(815301076,1909f56bfc062723c751e8b465ee728b)
Start importing Assets/Art/Tiles/FloorWaterRoundCorners_8.asset using Guid(a4483ff7e0a151a428e4a3e48cd3d135) Importer(815301076,1909f56bfc062723c751e8b465ee728b)  -> (artifact id: '6ada25b34d6fd2de5ac84ae7e031b1a2') in 0.044341 seconds 
  Import took 0.052480 seconds .

========================================================================
Received Import Request.
  Time since last request: 0.000416 seconds.
  path: Assets/Art/Tiles/FloorWaterSquareCorners_7.asset
  artifactKey: Guid(a3a48f473cc0cd44cb0af6e559c91e8e) Importer(815301076,1909f56bfc062723c751e8b465ee728b)
Start importing Assets/Art/Tiles/FloorWaterSquareCorners_7.asset using Guid(a3a48f473cc0cd44cb0af6e559c91e8e) Importer(815301076,1909f56bfc062723c751e8b465ee728b)  -> (artifact id: 'd025f8411e20e683625ee1109087e8e9') in 0.040375 seconds 
  Import took 0.055347 seconds .

========================================================================
Received Import Request.
  Time since last request: 0.000454 seconds.
  path: Assets/Art/Tiles/FloorWaterSquareCorners_8.asset
  artifactKey: Guid(7a5f70b3009a0d741838e1c1f6bb9745) Importer(815301076,1909f56bfc062723c751e8b465ee728b)
Start importing Assets/Art/Tiles/FloorWaterSquareCorners_8.asset using Guid(7a5f70b3009a0d741838e1c1f6bb9745) Importer(815301076,1909f56bfc062723c751e8b465ee728b)  -> (artifact id: 'd3af7881604bae259ba7e84cf163cc28') in 0.047335 seconds 
  Import took 0.055492 seconds .

========================================================================
Received Import Request.
  Time since last request: 0.000497 seconds.
  path: Assets/Art/Tiles/FloorWaterSquareCorners_4.asset
  artifactKey: Guid(46dc04a5d1abb804c8f116e433029b44) Importer(815301076,1909f56bfc062723c751e8b465ee728b)
Start importing Assets/Art/Tiles/FloorWaterSquareCorners_4.asset using Guid(46dc04a5d1abb804c8f116e433029b44) Importer(815301076,1909f56bfc062723c751e8b465ee728b)  -> (artifact id: 'f7641bfb835c35bbec55711ee2ffce9e') in 0.045392 seconds 
  Import took 0.053344 seconds .

========================================================================
Received Import Request.
  Time since last request: 0.000442 seconds.
  path: Assets/Art/Tiles/FloorWaterSquareCorners_6.asset
  artifactKey: Guid(c6101d2d3ab87934b8559532ab90bf37) Importer(815301076,1909f56bfc062723c751e8b465ee728b)
Start importing Assets/Art/Tiles/FloorWaterSquareCorners_6.asset using Guid(c6101d2d3ab87934b8559532ab90bf37) Importer(815301076,1909f56bfc062723c751e8b465ee728b)  -> (artifact id: 'b7942fb165d2b9085bd46221b0c09aa9') in 0.047406 seconds 
  Import took 0.057887 seconds .

========================================================================
Received Import Request.
  Time since last request: 0.000573 seconds.
  path: Assets/Art/Tiles/GamePallette.prefab
  artifactKey: Guid(5f267bf06be416349ac793f62d62e508) Importer(815301076,1909f56bfc062723c751e8b465ee728b)
Start importing Assets/Art/Tiles/GamePallette.prefab using Guid(5f267bf06be416349ac793f62d62e508) Importer(815301076,1909f56bfc062723c751e8b465ee728b)  -> (artifact id: 'a91067e345d7018d3daff08a9ec6b17a') in 0.078987 seconds 
  Import took 0.085551 seconds .

AssetImportWorkerClient::OnTransportError - code=2 error=End of file
